DEBUG: Executing C:\Users\Sebastian\.nuget\packages\ikvm.msbuild.tools.runtime.win-x64\8.10.3\ikvmc\net472\win-x64\ikvmc.exe @C:\Work\Proparse\GitHub\proparse\output\obj\proparse\debug_net472_any\ikvm\stage\1\a0f576b062626f00b9a376fc15650f57\proparse.net.dll.rsp
ERROR: warning IKVMC0102: Duplicate class name: "com.joanju.DataXferStream"
ERROR: warning IKVMC0102: Duplicate class name: "com.joanju.Xferable"
ERROR: warning IKVMC0102: Duplicate class name: "com.joanju.proparse.ClassFinder"
ERROR: warning IKVMC0102: Duplicate class name: "com.joanju.proparse.ConditionalCompilationToken"
ERROR: warning IKVMC0102: Duplicate class name: "com.joanju.proparse.DoParse$TokenVectorIterator"
ERROR: warning IKVMC0102: Duplicate class name: "com.joanju.proparse.DoParse"
ERROR: warning IKVMC0102: Duplicate class name: "com.joanju.proparse.Environment"
ERROR: warning IKVMC0102: Duplicate class name: "com.joanju.proparse.IncludeFile$NamedArgIn"
ERROR: warning IKVMC0102: Duplicate class name: "com.joanju.proparse.IncludeFile"
ERROR: warning IKVMC0102: Duplicate class name: "com.joanju.proparse.InputSource"
ERROR: warning IKVMC0102: Duplicate class name: "com.joanju.proparse.IntegerIndex"
ERROR: warning IKVMC0102: Duplicate class name: "com.joanju.proparse.Iwdiff$Source"
ERROR: warning IKVMC0102: Duplicate class name: "com.joanju.proparse.Iwdiff"
ERROR: warning IKVMC0102: Duplicate class name: "com.joanju.proparse.Lexer"
ERROR: warning IKVMC0102: Duplicate class name: "com.joanju.proparse.NodeFactory"
ERROR: warning IKVMC0102: Duplicate class name: "com.joanju.proparse.NodeTypes$TI"
ERROR: warning IKVMC0102: Duplicate class name: "com.joanju.proparse.NodeTypes"
ERROR: warning IKVMC0102: Duplicate class name: "com.joanju.proparse.ParserSupport"
ERROR: warning IKVMC0102: Duplicate class name: "com.joanju.proparse.Postlexer$PreproIfState"
ERROR: warning IKVMC0102: Duplicate class name: "com.joanju.proparse.Postlexer"
ERROR: warning IKVMC0102: Duplicate class name: "com.joanju.proparse.Preprocessor$CharPos"
ERROR: warning IKVMC0102: Duplicate class name: "com.joanju.proparse.Preprocessor$FilePos"
ERROR: warning IKVMC0102: Duplicate class name: "com.joanju.proparse.Preprocessor$IncludeArg"
ERROR: warning IKVMC0102: Duplicate class name: "com.joanju.proparse.Preprocessor"
ERROR: warning IKVMC0102: Duplicate class name: "com.joanju.proparse.ProEval"
ERROR: warning IKVMC0102: Duplicate class name: "com.joanju.proparse.ProEvalException"
ERROR: warning IKVMC0102: Duplicate class name: "com.joanju.proparse.ProEvalSupport$Compare"
ERROR: warning IKVMC0102: Duplicate class name: "com.joanju.proparse.ProEvalSupport"
ERROR: warning IKVMC0102: Duplicate class name: "com.joanju.proparse.ProEvalTokenTypes"
ERROR: warning IKVMC0102: Duplicate class name: "com.joanju.proparse.ProParser"
ERROR: warning IKVMC0102: Duplicate class name: "com.joanju.proparse.ProParserTokenTypes"
ERROR: warning IKVMC0102: Duplicate class name: "com.joanju.proparse.ProToken"
ERROR: warning IKVMC0102: Duplicate class name: "com.joanju.proparse.StringFuncs"
ERROR: warning IKVMC0102: Duplicate class name: "com.joanju.proparse.SymbolScope$FieldType"
ERROR: warning IKVMC0102: Duplicate class name: "com.joanju.proparse.SymbolScope$TableRef"
ERROR: warning IKVMC0102: Duplicate class name: "com.joanju.proparse.SymbolScope"
ERROR: warning IKVMC0102: Duplicate class name: "com.joanju.proparse.TokenList"
ERROR: warning IKVMC0102: Duplicate class name: "com.joanju.proparse.sockets.BlobBuilder"
ERROR: warning IKVMC0102: Duplicate class name: "com.joanju.proparse.sockets.SocketListener"
ERROR: warning IKVMC0102: Duplicate class name: "com.joanju.proparse.unittest.TestIncludeRef"
ERROR: warning IKVMC0102: Duplicate class name: "com.joanju.proparse.unittest.TestNewSyntax"
ERROR: warning IKVMC0102: Duplicate class name: "com.joanju.scripting.FileBuffer"
ERROR: warning IKVMC0102: Duplicate class name: "com.joanju.scripting.Logger"
ERROR: warning IKVMC0102: Duplicate class name: "com.joanju.scripting.ScriptSupport$_buildFileScanner_closure1"
ERROR: warning IKVMC0102: Duplicate class name: "com.joanju.scripting.ScriptSupport$_buildFileScanner_closure1_closure2"
ERROR: warning IKVMC0102: Duplicate class name: "com.joanju.scripting.ScriptSupport"
ERROR: warning IKVMC0102: Duplicate class name: "com.joanju.scripting.Segment"
ERROR: warning IKVMC0102: Duplicate class name: "de.consultingwerk.proparse.refactor.RefactoredToken"
ERROR: warning IKVMC0102: Duplicate class name: "org.proparse.api.Backward"
ERROR: warning IKVMC0102: Duplicate class name: "org.prorefactor.Console"
ERROR: warning IKVMC0102: Duplicate class name: "org.prorefactor.core.CodeSelect"
ERROR: warning IKVMC0102: Duplicate class name: "org.prorefactor.core.CommentFinder"
ERROR: warning IKVMC0102: Duplicate class name: "org.prorefactor.core.ICallback"
ERROR: warning IKVMC0102: Duplicate class name: "org.prorefactor.core.ICallbackAST$1"
ERROR: warning IKVMC0102: Duplicate class name: "org.prorefactor.core.ICallbackAST"
ERROR: warning IKVMC0102: Duplicate class name: "org.prorefactor.core.ICallbackb$1"
ERROR: warning IKVMC0102: Duplicate class name: "org.prorefactor.core.ICallbackb"
ERROR: warning IKVMC0102: Duplicate class name: "org.prorefactor.core.ICallbacki"
ERROR: warning IKVMC0102: Duplicate class name: "org.prorefactor.core.IConstants"
ERROR: warning IKVMC0102: Duplicate class name: "org.prorefactor.core.IJPNode"
ERROR: warning IKVMC0102: Duplicate class name: "org.prorefactor.core.JPNav"
ERROR: warning IKVMC0102: Duplicate class name: "org.prorefactor.core.JPNode"
ERROR: warning IKVMC0102: Duplicate class name: "org.prorefactor.core.JPNodeLister"
ERROR: warning IKVMC0102: Duplicate class name: "org.prorefactor.core.NodeTextUtils"
ERROR: warning IKVMC0102: Duplicate class name: "org.prorefactor.core.PRCException"
ERROR: warning IKVMC0102: Duplicate class name: "org.prorefactor.core.PositionIndex$1"
ERROR: warning IKVMC0102: Duplicate class name: "org.prorefactor.core.PositionIndex"
ERROR: warning IKVMC0102: Duplicate class name: "org.prorefactor.core.Pstring"
ERROR: warning IKVMC0102: Duplicate class name: "org.prorefactor.core.TokenTypes$TokenInfo"
ERROR: warning IKVMC0102: Duplicate class name: "org.prorefactor.core.TokenTypes"
ERROR: warning IKVMC0102: Duplicate class name: "org.prorefactor.core.TokenTypesI"
ERROR: warning IKVMC0102: Duplicate class name: "org.prorefactor.core.TreeUtils$FlatListBuilder"
ERROR: warning IKVMC0102: Duplicate class name: "org.prorefactor.core.TreeUtils"
ERROR: warning IKVMC0102: Duplicate class name: "org.prorefactor.core.Util"
ERROR: warning IKVMC0102: Duplicate class name: "org.prorefactor.core.schema.Database$1"
ERROR: warning IKVMC0102: Duplicate class name: "org.prorefactor.core.schema.Database"
ERROR: warning IKVMC0102: Duplicate class name: "org.prorefactor.core.schema.Field$1"
ERROR: warning IKVMC0102: Duplicate class name: "org.prorefactor.core.schema.Field$Name"
ERROR: warning IKVMC0102: Duplicate class name: "org.prorefactor.core.schema.Field"
ERROR: warning IKVMC0102: Duplicate class name: "org.prorefactor.core.schema.Schema$1"
ERROR: warning IKVMC0102: Duplicate class name: "org.prorefactor.core.schema.Schema$2"
ERROR: warning IKVMC0102: Duplicate class name: "org.prorefactor.core.schema.Schema"
ERROR: warning IKVMC0102: Duplicate class name: "org.prorefactor.core.schema.Table$1"
ERROR: warning IKVMC0102: Duplicate class name: "org.prorefactor.core.schema.Table$Name"
ERROR: warning IKVMC0102: Duplicate class name: "org.prorefactor.core.schema.Table"
ERROR: warning IKVMC0102: Duplicate class name: "org.prorefactor.core.unittest.AliasesT"
ERROR: warning IKVMC0102: Duplicate class name: "org.prorefactor.core.unittest.AllPRCoreTests"
ERROR: warning IKVMC0102: Duplicate class name: "org.prorefactor.core.unittest.AllProRefactorTests"
ERROR: warning IKVMC0102: Duplicate class name: "org.prorefactor.core.unittest.ApiTest1"
ERROR: warning IKVMC0102: Duplicate class name: "org.prorefactor.core.unittest.AttributedWriter"
ERROR: warning IKVMC0102: Duplicate class name: "org.prorefactor.core.unittest.BugFixTests"
ERROR: warning IKVMC0102: Duplicate class name: "org.prorefactor.core.unittest.ParseAny"
ERROR: warning IKVMC0102: Duplicate class name: "org.prorefactor.core.unittest.PstringT"
ERROR: warning IKVMC0102: Duplicate class name: "org.prorefactor.core.unittest.RoutineHandler"
ERROR: warning IKVMC0102: Duplicate class name: "org.prorefactor.core.unittest.TP01FramesTest"
ERROR: warning IKVMC0102: Duplicate class name: "org.prorefactor.core.unittest.TP01FramesTreeLister"
ERROR: warning IKVMC0102: Duplicate class name: "org.prorefactor.core.unittest.TP01ProcessActionTest"
ERROR: warning IKVMC0102: Duplicate class name: "org.prorefactor.core.unittest.TP01SymbolActionTest"
ERROR: warning IKVMC0102: Duplicate class name: "org.prorefactor.core.unittest.TP01Test01"
ERROR: warning IKVMC0102: Duplicate class name: "org.prorefactor.core.unittest.TP01Test02"
ERROR: warning IKVMC0102: Duplicate class name: "org.prorefactor.core.unittest.TP01Test03"
ERROR: warning IKVMC0102: Duplicate class name: "org.prorefactor.core.unittest.TestMe"
ERROR: warning IKVMC0102: Duplicate class name: "org.prorefactor.core.unittest.TestNewSyntax"
ERROR: warning IKVMC0102: Duplicate class name: "org.prorefactor.core.unittest.UnitTestBase2$1"
ERROR: warning IKVMC0102: Duplicate class name: "org.prorefactor.core.unittest.UnitTestBase2$2"
ERROR: warning IKVMC0102: Duplicate class name: "org.prorefactor.core.unittest.UnitTestBase2"
ERROR: warning IKVMC0102: Duplicate class name: "org.prorefactor.core.unittest.UnitTestException"
ERROR: warning IKVMC0102: Duplicate class name: "org.prorefactor.core.unittest.UtilT"
ERROR: warning IKVMC0102: Duplicate class name: "org.prorefactor.db.ProRefactorDB"
ERROR: warning IKVMC0102: Duplicate class name: "org.prorefactor.io.LogFile"
ERROR: warning IKVMC0102: Duplicate class name: "org.prorefactor.io.LogWriter"
ERROR: warning IKVMC0102: Duplicate class name: "org.prorefactor.macrolevel.IncludeRef"
ERROR: warning IKVMC0102: Duplicate class name: "org.prorefactor.macrolevel.ListingParser$Scope"
ERROR: warning IKVMC0102: Duplicate class name: "org.prorefactor.macrolevel.ListingParser"
ERROR: warning IKVMC0102: Duplicate class name: "org.prorefactor.macrolevel.MacroDef"
ERROR: warning IKVMC0102: Duplicate class name: "org.prorefactor.macrolevel.MacroEvent"
ERROR: warning IKVMC0102: Duplicate class name: "org.prorefactor.macrolevel.MacroLevel"
ERROR: warning IKVMC0102: Duplicate class name: "org.prorefactor.macrolevel.MacroRef"
ERROR: warning IKVMC0102: Duplicate class name: "org.prorefactor.macrolevel.NamedMacroRef"
ERROR: warning IKVMC0102: Duplicate class name: "org.prorefactor.nodetypes.BlockNode"
ERROR: warning IKVMC0102: Duplicate class name: "org.prorefactor.nodetypes.FieldRefNode"
ERROR: warning IKVMC0102: Duplicate class name: "org.prorefactor.nodetypes.ProgramRootNode"
ERROR: warning IKVMC0102: Duplicate class name: "org.prorefactor.nodetypes.ProparseDirectiveNode"
ERROR: warning IKVMC0102: Duplicate class name: "org.prorefactor.nodetypes.RecordNameNode"
ERROR: warning IKVMC0102: Duplicate class name: "org.prorefactor.refactor.FileChange"
ERROR: warning IKVMC0102: Duplicate class name: "org.prorefactor.refactor.FileStuff"
ERROR: warning IKVMC0102: Duplicate class name: "org.prorefactor.refactor.FileTarget"
ERROR: warning IKVMC0102: Duplicate class name: "org.prorefactor.refactor.FileTargetComparator"
ERROR: warning IKVMC0102: Duplicate class name: "org.prorefactor.refactor.IDE"
ERROR: warning IKVMC0102: Duplicate class name: "org.prorefactor.refactor.IDEDefault"
ERROR: warning IKVMC0102: Duplicate class name: "org.prorefactor.refactor.ILint"
ERROR: warning IKVMC0102: Duplicate class name: "org.prorefactor.refactor.IRefactor"
ERROR: warning IKVMC0102: Duplicate class name: "org.prorefactor.refactor.PUB$SymbolRef"
ERROR: warning IKVMC0102: Duplicate class name: "org.prorefactor.refactor.PUB$TableRef"
ERROR: warning IKVMC0102: Duplicate class name: "org.prorefactor.refactor.PUB"
ERROR: warning IKVMC0102: Duplicate class name: "org.prorefactor.refactor.RefactorException"
ERROR: warning IKVMC0102: Duplicate class name: "org.prorefactor.refactor.RefactorSession"
ERROR: warning IKVMC0102: Duplicate class name: "org.prorefactor.refactor.RefactorTarget"
ERROR: warning IKVMC0102: Duplicate class name: "org.prorefactor.refactor.messages.Message"
ERROR: warning IKVMC0102: Duplicate class name: "org.prorefactor.refactor.settings.ApplicationSettings"
ERROR: warning IKVMC0102: Duplicate class name: "org.prorefactor.refactor.settings.ProgressProjectSettings"
ERROR: warning IKVMC0102: Duplicate class name: "org.prorefactor.refactor.settings.ProparseProjectSettings"
ERROR: warning IKVMC0102: Duplicate class name: "org.prorefactor.refactor.settings.Settings"
ERROR: warning IKVMC0102: Duplicate class name: "org.prorefactor.refactor.unittest.PUBTest"
ERROR: warning IKVMC0102: Duplicate class name: "org.prorefactor.reports.HowUsed"
ERROR: warning IKVMC0102: Duplicate class name: "org.prorefactor.reports.HowUsedConsole"
ERROR: warning IKVMC0102: Duplicate class name: "org.prorefactor.reports.WhereUsedConsole"
ERROR: warning IKVMC0102: Duplicate class name: "org.prorefactor.treeparser01.FrameStack"
ERROR: warning IKVMC0102: Duplicate class name: "org.prorefactor.treeparser01.TP01Action"
ERROR: warning IKVMC0102: Duplicate class name: "org.prorefactor.treeparser01.TP01Support"
ERROR: warning IKVMC0102: Duplicate class name: "org.prorefactor.treeparser01.TreeParser01"
ERROR: warning IKVMC0102: Duplicate class name: "org.prorefactor.treeparser01.TreeParser01TokenTypes"
ERROR: warning IKVMC0102: Duplicate class name: "org.prorefactor.treeparser.Block"
ERROR: warning IKVMC0102: Duplicate class name: "org.prorefactor.treeparser.BufferScope"
ERROR: warning IKVMC0102: Duplicate class name: "org.prorefactor.treeparser.CQ"
ERROR: warning IKVMC0102: Duplicate class name: "org.prorefactor.treeparser.Call"
ERROR: warning IKVMC0102: Duplicate class name: "org.prorefactor.treeparser.ClassSupport"
ERROR: warning IKVMC0102: Duplicate class name: "org.prorefactor.treeparser.DataType"
ERROR: warning IKVMC0102: Duplicate class name: "org.prorefactor.treeparser.Dataset"
ERROR: warning IKVMC0102: Duplicate class name: "org.prorefactor.treeparser.Datasource"
ERROR: warning IKVMC0102: Duplicate class name: "org.prorefactor.treeparser.ErrorList"
ERROR: warning IKVMC0102: Duplicate class name: "org.prorefactor.treeparser.Event"
ERROR: warning IKVMC0102: Duplicate class name: "org.prorefactor.treeparser.Expression"
ERROR: warning IKVMC0102: Duplicate class name: "org.prorefactor.treeparser.FieldBuffer"
ERROR: warning IKVMC0102: Duplicate class name: "org.prorefactor.treeparser.FieldContainer"
ERROR: warning IKVMC0102: Duplicate class name: "org.prorefactor.treeparser.FieldLookupResult"
ERROR: warning IKVMC0102: Duplicate class name: "org.prorefactor.treeparser.IJPTreeParser"
ERROR: warning IKVMC0102: Duplicate class name: "org.prorefactor.treeparser.Parameter"
ERROR: warning IKVMC0102: Duplicate class name: "org.prorefactor.treeparser.ParseUnit"
ERROR: warning IKVMC0102: Duplicate class name: "org.prorefactor.treeparser.Primative"
ERROR: warning IKVMC0102: Duplicate class name: "org.prorefactor.treeparser.Query"
ERROR: warning IKVMC0102: Duplicate class name: "org.prorefactor.treeparser.Routine"
ERROR: warning IKVMC0102: Duplicate class name: "org.prorefactor.treeparser.RunHandle"
ERROR: warning IKVMC0102: Duplicate class name: "org.prorefactor.treeparser.SemanticError"
ERROR: warning IKVMC0102: Duplicate class name: "org.prorefactor.treeparser.SemanticRecord"
ERROR: warning IKVMC0102: Duplicate class name: "org.prorefactor.treeparser.Stream"
ERROR: warning IKVMC0102: Duplicate class name: "org.prorefactor.treeparser.Symbol"
ERROR: warning IKVMC0102: Duplicate class name: "org.prorefactor.treeparser.SymbolFactory"
ERROR: warning IKVMC0102: Duplicate class name: "org.prorefactor.treeparser.SymbolI$1"
ERROR: warning IKVMC0102: Duplicate class name: "org.prorefactor.treeparser.SymbolI"
ERROR: warning IKVMC0102: Duplicate class name: "org.prorefactor.treeparser.SymbolScope"
ERROR: warning IKVMC0102: Duplicate class name: "org.prorefactor.treeparser.SymbolScopeRoot"
ERROR: warning IKVMC0102: Duplicate class name: "org.prorefactor.treeparser.SymbolScopeSuper"
ERROR: warning IKVMC0102: Duplicate class name: "org.prorefactor.treeparser.TableBuffer"
ERROR: warning IKVMC0102: Duplicate class name: "org.prorefactor.treeparser.TreeParserWrapper"
ERROR: warning IKVMC0102: Duplicate class name: "org.prorefactor.treeparser.Value"
ERROR: warning IKVMC0102: Duplicate class name: "org.prorefactor.treeparser.Variable"
ERROR: warning IKVMC0102: Duplicate class name: "org.prorefactor.treeparser.Widget"
ERROR: warning IKVMC0102: Duplicate class name: "org.prorefactor.treeparser.WidgetI"
ERROR: warning IKVMC0102: Duplicate class name: "org.prorefactor.util.BaseTuple"
ERROR: warning IKVMC0102: Duplicate class name: "org.prorefactor.util.Cache"
ERROR: warning IKVMC0102: Duplicate class name: "org.prorefactor.util.Tuple"
ERROR: warning IKVMC0102: Duplicate class name: "org.prorefactor.widgettypes.Browse"
ERROR: warning IKVMC0102: Duplicate class name: "org.prorefactor.widgettypes.Button"
ERROR: warning IKVMC0102: Duplicate class name: "org.prorefactor.widgettypes.FieldLevelWidgetI"
ERROR: warning IKVMC0102: Duplicate class name: "org.prorefactor.widgettypes.Frame"
ERROR: warning IKVMC0102: Duplicate class name: "org.prorefactor.widgettypes.Image"
ERROR: warning IKVMC0102: Duplicate class name: "org.prorefactor.widgettypes.Menu"
ERROR: warning IKVMC0102: Duplicate class name: "org.prorefactor.widgettypes.MenuItem"
ERROR: warning IKVMC0102: Duplicate class name: "org.prorefactor.widgettypes.Rectangle"
ERROR: warning IKVMC0102: Duplicate class name: "org.prorefactor.widgettypes.Submenu"
ERROR: warning IKVMC0102: Duplicate class name: "proparse.Server$1"
ERROR: warning IKVMC0102: Duplicate class name: "proparse.Server"
ERROR: warning IKVMC0102: Duplicate class name: "proparse.TestParse"
ERROR: warning IKVMC0102: Duplicate class name: "proparse.TreePrint"
ERROR: warning IKVMC0102: Duplicate class name: "test.ProparseTestCase"
ERROR: warning IKVMC0102: Duplicate class name: "test.SCL3260.TestClass"
ERROR: warning IKVMC0102: Duplicate class name: "test.SCL3260.TestClass2"
ERROR: warning IKVMC0102: Duplicate class name: "test.SCL3270.TestClass"
ERROR: warning IKVMC0102: Duplicate class name: "test.SCL3301.TestClass"
ERROR: warning IKVMC0102: Duplicate class name: "test.SCL3302.TestClass"
ERROR: warning IKVMC0102: Duplicate class name: "test.SCL3364.TestClass_ON_Statement"
ERROR: warning IKVMC0102: Duplicate class name: "test.SCL3364.TestClass_PrePro"
ERROR: warning IKVMC0102: Duplicate class name: "test.SCL3364.TestClass_VAR"
ERROR: warning IKVMC0102: Duplicate class name: "test.SCL3364.TestClass_XOR_Assign"
ERROR: warning IKVMC0102: Duplicate class name: "test.SCL3366.TestClass"
ERROR: warning IKVMC0102: Duplicate class name: "test.SCL3366.TestClass_StringIndexOutOfBounds"
ERROR: warning IKVMC0102: Duplicate class name: "test.SCL3369.TestClass"
ERROR: warning IKVMC0102: Duplicate class name: "test.SCL3370.TestClass"
ERROR: warning IKVMC0102: Duplicate class name: "test.SCL3450.TestClassConditions"
ERROR: warning IKVMC0102: Duplicate class name: "test.SCL3453.TestClass"
ERROR: warning IKVMC0102: Duplicate class name: "test.SCL3722.TestAnnotations"
ERROR: warning IKVMC0102: Duplicate class name: "test.SCL3885.TestDoubleColon"
ERROR: warning IKVMC0102: Duplicate class name: "test.SCL3987.TestOperatorFullText"
ERROR: warning IKVMC0102: Duplicate class name: "test.SCL4054.TestParseIfDefined"
ERROR: warning IKVMC0102: Duplicate class name: "test.SCL4411.TestLabelAndDirective"
ERROR: warning IKVMC0102: Duplicate class name: "test.UnitTest"
ERROR: warning IKVMC0100: Class "javax.servlet.http.HttpServlet" not found
ERROR: warning IKVMC0100: Class "javax.servlet.ServletOutputStream" not found
ERROR: warning IKVMC0100: Class "jline.SimpleCompletor" not found
ERROR: warning IKVMC0100: Class "groovyjarjarasm.asm.util.TraceMethodVisitor" not found
ERROR: warning IKVMC0100: Class "org.apache.bsf.util.BSFEngineImpl" not found
ERROR: warning IKVMC0100: Class "jline.MultiCompletor" not found
ERROR: warning IKVMC0100: Class "jline.ArgumentCompletor" not found
ERROR: warning IKVMC0100: Class "org.codehaus.groovy.runtime.BytecodeInterface8" not found
ERROR: warning IKVMC0100: Class "org.codehaus.groovy.runtime.typehandling.ShortTypeHandling" not found
ERROR: warning IKVMC0100: Class "jline.Completor" not found
ERROR: warning IKVMC0100: Class "jline.History" not found
ERROR: warning IKVMC0100: Class "org.apache.ivy.core.settings.IvySettings" not found
ERROR: warning IKVMC0100: Class "org.apache.ivy.Ivy" not found
ERROR: warning IKVMC0100: Class "org.apache.ivy.core.module.id.ModuleRevisionId" not found
ERROR: warning IKVMC0100: Class "org.apache.ivy.core.cache.ResolutionCacheManager" not found
ERROR: warning IKVMC0100: Class "org.apache.ivy.core.resolve.ResolveOptions" not found
ERROR: warning IKVMC0100: Class "org.apache.ivy.core.report.ResolveReport" not found
ERROR: warning IKVMC0100: Class "org.apache.ivy.core.module.descriptor.ModuleDescriptor" not found
ERROR: warning IKVMC0100: Class "org.apache.ivy.plugins.resolver.ChainResolver" not found
ERROR: warning IKVMC0100: Class "org.apache.tools.ant.taskdefs.optional.TraXLiaison" not found
ERROR: warning IKVMC0112: Emitted java.lang.IllegalAccessError in "groovy.util.GroovyTestCase.assertEquals(Ljava.lang.String;Ljava.lang.Object;Ljava.lang.Object;)V"
ERROR:     ("tried to access method junit/framework/Assert.failNotEquals(Ljava/lang/String;Ljava/lang/Object;Ljava/lang/Object;)V from class groovy/util/GroovyTestCase")
ERROR: warning IKVMC0100: Class "org.fusesource.jansi.Ansi$Color" not found
ERROR: warning IKVMC0100: Class "org.fusesource.jansi.Ansi" not found
ERROR: warning IKVMC0100: Class "org.fusesource.jansi.Ansi$Attribute" not found
ERROR: warning IKVMC0100: Class "javax.servlet.ServletContext" not found
ERROR: warning IKVMC0100: Class "javax.servlet.http.HttpSession" not found
ERROR: warning IKVMC0100: Class "javax.servlet.ServletRequest" not found
ERROR: warning IKVMC0100: Class "javax.servlet.jsp.PageContext" not found
ERROR: warning IKVMC0100: Class "jline.ConsoleReader" not found
ERROR: warning IKVMC0100: Class "com.thoughtworks.xstream.XStream" not found
ERROR: warning IKVMC0100: Class "jline.WindowsTerminal" not found
ERROR: warning IKVMC0100: Class "org.fusesource.jansi.AnsiRenderWriter" not found
ERROR: warning IKVMC0100: Class "javax.servlet.http.HttpServletRequest" not found
ERROR: warning IKVMC0100: Class "javax.servlet.http.HttpServletResponse" not found
ERROR: warning IKVMC0100: Class "javax.servlet.RequestDispatcher" not found
ERROR: warning IKVMC0100: Class "org.apache.ivy.core.module.descriptor.DefaultModuleDescriptor" not found
ERROR: warning IKVMC0100: Class "org.apache.bsf.BSFManager" not found
ERROR: warning IKVMC0100: Class "org.apache.ivy.core.module.descriptor.DefaultDependencyDescriptor" not found
ERROR: warning IKVMC0100: Class "groovyjarjarasm.asm.util.CheckClassAdapter" not found
ERROR: warning IKVMC0100: Class "groovyjarjarasm.asm.tree.analysis.Analyzer" not found
ERROR: warning IKVMC0100: Class "groovyjarjarasm.asm.tree.analysis.SimpleVerifier" not found
ERROR: warning IKVMC0117: Emitted java.lang.NoSuchMethodError in "groovy.ui.ConsoleApplet.super$3$getListeners(Ljava.lang.Class;)[Ljava.lang.Object;"
ERROR:     ("java.awt.Container.getListeners(Ljava.lang.Class;)[Ljava.lang.Object;")
